{
  "RSpec": {
    "coverage": {
      "/home/alberto/Desktop/Ticketbox/CoderTicket/spec/controllers/sessions_controller_spec.rb": [
        1,
        null,
        0,
        null,
        null
      ],
      "/home/alberto/Desktop/Ticketbox/CoderTicket/spec/rails_helper.rb": [
        null,
        1,
        1,
        null,
        0,
        0,
        0,
        null,
        null,
        null,
        null,
        null,
        null,
        null,
        null,
        null,
        null,
        null,
        null,
        null,
        null,
        null,
        null,
        null,
        null,
        null,
        0,
        null,
        0,
        null,
        0,
        null,
        null,
        null,
        null,
        0,
        null,
        null,
        null,
        null,
        null,
        null,
        null,
        null,
        null,
        null,
        null,
        null,
        null,
        null,
        0,
        null,
        null,
        0,
        null,
        null,
        null
      ],
      "/home/alberto/Desktop/Ticketbox/CoderTicket/config/environment.rb": [
        null,
        1,
        null,
        null,
        0
      ],
      "/home/alberto/Desktop/Ticketbox/CoderTicket/config/application.rb": [
        1,
        null,
        0,
        null,
        null,
        null,
        0,
        null,
        0,
        0,
        null,
        null,
        null,
        null,
        null,
        null,
        null,
        null,
        null,
        null,
        null,
        null,
        null,
        null,
        null,
        null
      ],
      "/home/alberto/Desktop/Ticketbox/CoderTicket/config/boot.rb": [
        1,
        null,
        1,
        null,
        null,
        0,
        0,
        0,
        0,
        0,
        0,
        null,
        null,
        null
      ]
    },
    "timestamp": 1488334155
  }
}
